2020-04-26 15:51:44,217 INFO  main                             - Found 1 HealthChecker implementation:sofaComponentHealthChecker
2020-04-26 15:51:44,223 INFO  main                             - Found 4 HealthIndicator implementation:sofaBootHealthIndicator,multiApplicationHealthIndicator,sofaComponentHealthIndicator,diskSpaceHealthIndicator
2020-04-26 15:51:44,224 INFO  main                             - Found 0 ReadinessCheckCallback implementation: 
2020-04-26 15:51:44,225 INFO  main                             - Begin SOFABoot HealthChecker readiness check.
2020-04-26 15:51:44,232 INFO  main                             - HealthChecker[sofaComponentHealthChecker] readiness check success with 0 retry.
2020-04-26 15:51:44,232 INFO  main                             - SOFABoot HealthChecker readiness check result: success.
2020-04-26 15:51:44,234 INFO  main                             - Begin SOFABoot HealthIndicator readiness check.
2020-04-26 15:51:44,235 INFO  main                             - HealthIndicator[diskSpaceHealthIndicator] readiness check success.
2020-04-26 15:51:44,235 INFO  main                             - SOFABoot HealthIndicator readiness check result: success.
2020-04-26 15:51:44,235 INFO  main                             - Begin ReadinessCheckCallback readiness check
2020-04-26 15:51:44,236 INFO  main                             - ReadinessCheckCallback readiness check result: success.
2020-04-26 15:51:44,236 INFO  main                             - Readiness check result: success
2020-04-26 16:06:16,993 INFO  main                             - Found 1 HealthChecker implementation:sofaComponentHealthChecker
2020-04-26 16:06:16,996 INFO  main                             - Found 4 HealthIndicator implementation:sofaBootHealthIndicator,multiApplicationHealthIndicator,sofaComponentHealthIndicator,diskSpaceHealthIndicator
2020-04-26 16:06:16,998 INFO  main                             - Found 0 ReadinessCheckCallback implementation: 
2020-04-26 16:06:16,999 INFO  main                             - Begin SOFABoot HealthChecker readiness check.
2020-04-26 16:06:17,006 INFO  main                             - HealthChecker[sofaComponentHealthChecker] readiness check success with 0 retry.
2020-04-26 16:06:17,006 INFO  main                             - SOFABoot HealthChecker readiness check result: success.
2020-04-26 16:06:17,007 INFO  main                             - Begin SOFABoot HealthIndicator readiness check.
2020-04-26 16:06:17,008 INFO  main                             - HealthIndicator[diskSpaceHealthIndicator] readiness check success.
2020-04-26 16:06:17,008 INFO  main                             - SOFABoot HealthIndicator readiness check result: success.
2020-04-26 16:06:17,008 INFO  main                             - Begin ReadinessCheckCallback readiness check
2020-04-26 16:06:17,009 INFO  main                             - ReadinessCheckCallback readiness check result: success.
2020-04-26 16:06:17,009 INFO  main                             - Readiness check result: success
2020-04-26 16:14:26,887 INFO  main                             - Found 1 HealthChecker implementation:sofaComponentHealthChecker
2020-04-26 16:14:26,889 INFO  main                             - Found 4 HealthIndicator implementation:sofaBootHealthIndicator,multiApplicationHealthIndicator,sofaComponentHealthIndicator,diskSpaceHealthIndicator
2020-04-26 16:14:26,891 INFO  main                             - Found 0 ReadinessCheckCallback implementation: 
2020-04-26 16:14:26,891 INFO  main                             - Begin SOFABoot HealthChecker readiness check.
2020-04-26 16:14:26,895 INFO  main                             - HealthChecker[sofaComponentHealthChecker] readiness check success with 0 retry.
2020-04-26 16:14:26,895 INFO  main                             - SOFABoot HealthChecker readiness check result: success.
2020-04-26 16:14:26,896 INFO  main                             - Begin SOFABoot HealthIndicator readiness check.
2020-04-26 16:14:26,897 INFO  main                             - HealthIndicator[diskSpaceHealthIndicator] readiness check success.
2020-04-26 16:14:26,898 INFO  main                             - SOFABoot HealthIndicator readiness check result: success.
2020-04-26 16:14:26,898 INFO  main                             - Begin ReadinessCheckCallback readiness check
2020-04-26 16:14:26,898 INFO  main                             - ReadinessCheckCallback readiness check result: success.
2020-04-26 16:14:26,898 INFO  main                             - Readiness check result: success
2020-04-26 16:22:53,171 INFO  main                             - Found 1 HealthChecker implementation:sofaComponentHealthChecker
2020-04-26 16:22:53,175 INFO  main                             - Found 4 HealthIndicator implementation:sofaBootHealthIndicator,multiApplicationHealthIndicator,sofaComponentHealthIndicator,diskSpaceHealthIndicator
2020-04-26 16:22:53,177 INFO  main                             - Found 0 ReadinessCheckCallback implementation: 
2020-04-26 16:22:53,177 INFO  main                             - Begin SOFABoot HealthChecker readiness check.
2020-04-26 16:22:53,182 INFO  main                             - HealthChecker[sofaComponentHealthChecker] readiness check success with 0 retry.
2020-04-26 16:22:53,183 INFO  main                             - SOFABoot HealthChecker readiness check result: success.
2020-04-26 16:22:53,183 INFO  main                             - Begin SOFABoot HealthIndicator readiness check.
2020-04-26 16:22:53,185 INFO  main                             - HealthIndicator[diskSpaceHealthIndicator] readiness check success.
2020-04-26 16:22:53,185 INFO  main                             - SOFABoot HealthIndicator readiness check result: success.
2020-04-26 16:22:53,185 INFO  main                             - Begin ReadinessCheckCallback readiness check
2020-04-26 16:22:53,185 INFO  main                             - ReadinessCheckCallback readiness check result: success.
2020-04-26 16:22:53,185 INFO  main                             - Readiness check result: success
2020-04-26 16:31:02,361 INFO  main                             - Found 1 HealthChecker implementation:sofaComponentHealthChecker
2020-04-26 16:31:02,364 INFO  main                             - Found 4 HealthIndicator implementation:sofaBootHealthIndicator,multiApplicationHealthIndicator,sofaComponentHealthIndicator,diskSpaceHealthIndicator
2020-04-26 16:31:02,366 INFO  main                             - Found 0 ReadinessCheckCallback implementation: 
2020-04-26 16:31:02,366 INFO  main                             - Begin SOFABoot HealthChecker readiness check.
2020-04-26 16:31:02,371 INFO  main                             - HealthChecker[sofaComponentHealthChecker] readiness check success with 0 retry.
2020-04-26 16:31:02,371 INFO  main                             - SOFABoot HealthChecker readiness check result: success.
2020-04-26 16:31:02,372 INFO  main                             - Begin SOFABoot HealthIndicator readiness check.
2020-04-26 16:31:02,373 INFO  main                             - HealthIndicator[diskSpaceHealthIndicator] readiness check success.
2020-04-26 16:31:02,373 INFO  main                             - SOFABoot HealthIndicator readiness check result: success.
2020-04-26 16:31:02,373 INFO  main                             - Begin ReadinessCheckCallback readiness check
2020-04-26 16:31:02,373 INFO  main                             - ReadinessCheckCallback readiness check result: success.
2020-04-26 16:31:02,373 INFO  main                             - Readiness check result: success
2020-04-26 16:56:52,714 INFO  main                             - Found 1 HealthChecker implementation:sofaComponentHealthChecker
2020-04-26 16:56:52,717 INFO  main                             - Found 4 HealthIndicator implementation:sofaBootHealthIndicator,multiApplicationHealthIndicator,sofaComponentHealthIndicator,diskSpaceHealthIndicator
2020-04-26 16:56:52,718 INFO  main                             - Found 0 ReadinessCheckCallback implementation: 
2020-04-26 16:56:52,719 INFO  main                             - Begin SOFABoot HealthChecker readiness check.
2020-04-26 16:56:52,725 INFO  main                             - HealthChecker[sofaComponentHealthChecker] readiness check success with 0 retry.
2020-04-26 16:56:52,726 INFO  main                             - SOFABoot HealthChecker readiness check result: success.
2020-04-26 16:56:52,726 INFO  main                             - Begin SOFABoot HealthIndicator readiness check.
2020-04-26 16:56:52,728 INFO  main                             - HealthIndicator[diskSpaceHealthIndicator] readiness check success.
2020-04-26 16:56:52,728 INFO  main                             - SOFABoot HealthIndicator readiness check result: success.
2020-04-26 16:56:52,728 INFO  main                             - Begin ReadinessCheckCallback readiness check
2020-04-26 16:56:52,729 INFO  main                             - ReadinessCheckCallback readiness check result: success.
2020-04-26 16:56:52,729 INFO  main                             - Readiness check result: success
2020-04-26 17:05:04,499 INFO  main                             - SOFABoot HealthCheck Starting!
2020-04-26 17:05:19,938 INFO  main                             - Found 1 HealthChecker implementation:sofaComponentHealthChecker
2020-04-26 17:05:19,940 INFO  main                             - Found 3 HealthIndicator implementation:sofaBootHealthIndicator,multiApplicationHealthIndicator,diskSpaceHealthIndicator
2020-04-26 17:05:19,941 INFO  main                             - Found 0 ReadinessCheckCallback implementation: 
2020-04-26 17:05:19,942 INFO  main                             - Begin SOFABoot HealthChecker readiness check.
2020-04-26 17:05:19,945 INFO  main                             - HealthChecker[sofaComponentHealthChecker] readiness check success with 0 retry.
2020-04-26 17:05:19,945 INFO  main                             - SOFABoot HealthChecker readiness check result: success.
2020-04-26 17:05:19,945 INFO  main                             - Begin SOFABoot HealthIndicator readiness check.
2020-04-26 17:05:19,946 INFO  main                             - HealthIndicator[multiApplicationHealthIndicator] readiness check success.
2020-04-26 17:05:19,947 INFO  main                             - HealthIndicator[diskSpaceHealthIndicator] readiness check success.
2020-04-26 17:05:19,947 INFO  main                             - SOFABoot HealthIndicator readiness check result: success.
2020-04-26 17:05:19,947 INFO  main                             - Begin ReadinessCheckCallback readiness check
2020-04-26 17:05:19,947 INFO  main                             - ReadinessCheckCallback readiness check result: success.
2020-04-26 17:05:19,947 INFO  main                             - Readiness check result: success
2020-04-26 17:05:20,043 INFO  main                             - Begin SOFABoot HealthChecker liveness check.
2020-04-26 17:05:20,044 INFO  main                             - HealthChecker[sofaComponentHealthChecker] liveness check success with 0 retry.
2020-04-26 17:05:20,044 INFO  main                             - SOFABoot HealthChecker liveness check result: success.
2020-04-26 17:05:45,079 INFO  main                             - Begin SOFABoot HealthChecker liveness check.
2020-04-26 17:05:45,079 INFO  main                             - HealthChecker[sofaComponentHealthChecker] liveness check success with 0 retry.
2020-04-26 17:05:45,079 INFO  main                             - SOFABoot HealthChecker liveness check result: success.
2020-04-26 17:06:22,500 INFO  http-nio-8080-exec-1             - Begin SOFABoot HealthChecker liveness check.
2020-04-26 17:06:22,501 INFO  http-nio-8080-exec-1             - HealthChecker[sofaComponentHealthChecker] liveness check success with 0 retry.
2020-04-26 17:06:22,501 INFO  http-nio-8080-exec-1             - SOFABoot HealthChecker liveness check result: success.
2020-04-26 17:24:45,294 INFO  main                             - SOFABoot HealthCheck Starting!
2020-04-26 17:25:01,060 INFO  main                             - Found 1 HealthChecker implementation:sofaComponentHealthChecker
2020-04-26 17:25:01,063 INFO  main                             - Found 3 HealthIndicator implementation:sofaBootHealthIndicator,multiApplicationHealthIndicator,diskSpaceHealthIndicator
2020-04-26 17:25:01,064 INFO  main                             - Found 0 ReadinessCheckCallback implementation: 
2020-04-26 17:25:01,065 INFO  main                             - Begin SOFABoot HealthChecker readiness check.
2020-04-26 17:25:01,068 INFO  main                             - HealthChecker[sofaComponentHealthChecker] readiness check success with 0 retry.
2020-04-26 17:25:01,068 INFO  main                             - SOFABoot HealthChecker readiness check result: success.
2020-04-26 17:25:01,068 INFO  main                             - Begin SOFABoot HealthIndicator readiness check.
2020-04-26 17:25:01,069 INFO  main                             - HealthIndicator[multiApplicationHealthIndicator] readiness check success.
2020-04-26 17:25:01,070 INFO  main                             - HealthIndicator[diskSpaceHealthIndicator] readiness check success.
2020-04-26 17:25:01,070 INFO  main                             - SOFABoot HealthIndicator readiness check result: success.
2020-04-26 17:25:01,070 INFO  main                             - Begin ReadinessCheckCallback readiness check
2020-04-26 17:25:01,070 INFO  main                             - ReadinessCheckCallback readiness check result: success.
2020-04-26 17:25:01,070 INFO  main                             - Readiness check result: success
2020-04-26 17:25:01,179 INFO  main                             - Begin SOFABoot HealthChecker liveness check.
2020-04-26 17:25:01,179 INFO  main                             - HealthChecker[sofaComponentHealthChecker] liveness check success with 0 retry.
2020-04-26 17:25:01,180 INFO  main                             - SOFABoot HealthChecker liveness check result: success.
2020-04-26 17:25:24,757 INFO  main                             - Begin SOFABoot HealthChecker liveness check.
2020-04-26 17:25:24,758 INFO  main                             - HealthChecker[sofaComponentHealthChecker] liveness check success with 0 retry.
2020-04-26 17:25:24,758 INFO  main                             - SOFABoot HealthChecker liveness check result: success.
2020-04-26 17:32:48,508 INFO  http-nio-8080-exec-2             - Begin SOFABoot HealthChecker liveness check.
2020-04-26 17:32:48,510 INFO  http-nio-8080-exec-2             - HealthChecker[sofaComponentHealthChecker] liveness check success with 0 retry.
2020-04-26 17:32:48,510 INFO  http-nio-8080-exec-2             - SOFABoot HealthChecker liveness check result: success.
2020-04-26 17:36:01,612 INFO  main                             - SOFABoot HealthCheck Starting!
2020-04-26 17:36:18,506 INFO  main                             - Found 1 HealthChecker implementation:sofaComponentHealthChecker
2020-04-26 17:36:18,509 INFO  main                             - Found 3 HealthIndicator implementation:sofaBootHealthIndicator,multiApplicationHealthIndicator,diskSpaceHealthIndicator
2020-04-26 17:36:18,510 INFO  main                             - Found 0 ReadinessCheckCallback implementation: 
2020-04-26 17:36:18,511 INFO  main                             - Begin SOFABoot HealthChecker readiness check.
2020-04-26 17:36:18,514 INFO  main                             - HealthChecker[sofaComponentHealthChecker] readiness check success with 0 retry.
2020-04-26 17:36:18,514 INFO  main                             - SOFABoot HealthChecker readiness check result: success.
2020-04-26 17:36:18,515 INFO  main                             - Begin SOFABoot HealthIndicator readiness check.
2020-04-26 17:36:18,517 INFO  main                             - HealthIndicator[multiApplicationHealthIndicator] readiness check success.
2020-04-26 17:36:18,517 INFO  main                             - HealthIndicator[diskSpaceHealthIndicator] readiness check success.
2020-04-26 17:36:18,517 INFO  main                             - SOFABoot HealthIndicator readiness check result: success.
2020-04-26 17:36:18,517 INFO  main                             - Begin ReadinessCheckCallback readiness check
2020-04-26 17:36:18,518 INFO  main                             - ReadinessCheckCallback readiness check result: success.
2020-04-26 17:36:18,518 INFO  main                             - Readiness check result: success
2020-04-26 17:36:18,717 INFO  main                             - Begin SOFABoot HealthChecker liveness check.
2020-04-26 17:36:18,718 INFO  main                             - HealthChecker[sofaComponentHealthChecker] liveness check success with 0 retry.
2020-04-26 17:36:18,724 INFO  main                             - SOFABoot HealthChecker liveness check result: success.
2020-04-26 17:36:42,805 INFO  main                             - Begin SOFABoot HealthChecker liveness check.
2020-04-26 17:36:42,806 INFO  main                             - HealthChecker[sofaComponentHealthChecker] liveness check success with 0 retry.
2020-04-26 17:36:42,806 INFO  main                             - SOFABoot HealthChecker liveness check result: success.
