2020-04-26 17:04:42,235 INFO  main                             - Begin to start ArkServiceContainer
2020-04-26 17:04:42,758 INFO  main                             - Init Service: com.alipay.sofa.ark.container.session.StandardTelnetServerImpl
2020-04-26 17:04:42,775 INFO  main                             - Listening on port: 1234
2020-04-26 17:04:42,778 INFO  main                             - Init Service: com.alipay.sofa.ark.container.service.plugin.PluginDeployServiceImpl
2020-04-26 17:04:42,781 INFO  main                             - Init Service: com.alipay.sofa.ark.container.service.biz.BizDeployServiceImpl
2020-04-26 17:04:42,781 INFO  main                             - Init Service: com.alipay.sofa.ark.container.service.classloader.ClassLoaderServiceImpl
2020-04-26 17:04:42,785 INFO  main                             - Finish to start ArkServiceContainer
2020-04-26 17:04:42,802 INFO  main                             - Start to process pipeline stage: com.alipay.sofa.ark.container.pipeline.HandleArchiveStage
2020-04-26 17:04:42,923 INFO  main                             - Finish to process pipeline stage: com.alipay.sofa.ark.container.pipeline.HandleArchiveStage
2020-04-26 17:04:42,923 INFO  main                             - Start to process pipeline stage: com.alipay.sofa.ark.container.pipeline.RegisterServiceStage
2020-04-26 17:04:42,929 INFO  main                             - Service: com.alipay.sofa.ark.spi.service.biz.BizManagerService publish by: ServiceProvider{provider='Ark Container', order=-2147483648} succeed
2020-04-26 17:04:42,929 INFO  main                             - Service: com.alipay.sofa.ark.spi.service.biz.BizFactoryService publish by: ServiceProvider{provider='Ark Container', order=-2147483648} succeed
2020-04-26 17:04:42,930 INFO  main                             - Service: com.alipay.sofa.ark.spi.service.plugin.PluginManagerService publish by: ServiceProvider{provider='Ark Container', order=-2147483648} succeed
2020-04-26 17:04:42,930 INFO  main                             - Service: com.alipay.sofa.ark.spi.service.plugin.PluginFactoryService publish by: ServiceProvider{provider='Ark Container', order=-2147483648} succeed
2020-04-26 17:04:42,931 INFO  main                             - Service: com.alipay.sofa.ark.spi.service.event.EventAdminService publish by: ServiceProvider{provider='Ark Container', order=-2147483648} succeed
2020-04-26 17:04:42,931 INFO  main                             - Service: com.alipay.sofa.ark.spi.service.registry.RegistryService publish by: ServiceProvider{provider='Ark Container', order=-2147483648} succeed
2020-04-26 17:04:42,935 INFO  main                             - Inject {field= bizManagerService} of {service= ServiceMetadata{service='com.alipay.sofa.ark.spi.service.biz.BizDeployer', provider='ServiceProvider{provider='Ark Container', order=100}'}} success!
2020-04-26 17:04:42,935 INFO  main                             - Service: com.alipay.sofa.ark.spi.service.biz.BizDeployer publish by: ServiceProvider{provider='Ark Container', order=100} succeed
2020-04-26 17:04:42,937 INFO  main                             - Inject {field= pluginManagerService} of {service= ServiceMetadata{service='com.alipay.sofa.ark.spi.service.session.CommandProvider:plugin-command-provider', provider='ServiceProvider{provider='Ark Container', order=100}'}} success!
2020-04-26 17:04:42,937 INFO  main                             - Service: com.alipay.sofa.ark.spi.service.session.CommandProvider:plugin-command-provider publish by: ServiceProvider{provider='Ark Container', order=100} succeed
2020-04-26 17:04:42,938 INFO  main                             - Inject {field= bizManagerService} of {service= ServiceMetadata{service='com.alipay.sofa.ark.spi.service.session.CommandProvider:biz-command-provider', provider='ServiceProvider{provider='Ark Container', order=100}'}} success!
2020-04-26 17:04:42,939 INFO  main                             - Service: com.alipay.sofa.ark.spi.service.session.CommandProvider:biz-command-provider publish by: ServiceProvider{provider='Ark Container', order=100} succeed
2020-04-26 17:04:42,939 INFO  main                             - Finish to process pipeline stage: com.alipay.sofa.ark.container.pipeline.RegisterServiceStage
2020-04-26 17:04:42,939 INFO  main                             - Start to process pipeline stage: com.alipay.sofa.ark.container.pipeline.ExtensionLoaderStage
2020-04-26 17:04:42,948 INFO  main                             - Finish to process pipeline stage: com.alipay.sofa.ark.container.pipeline.ExtensionLoaderStage
2020-04-26 17:04:42,948 INFO  main                             - Start to process pipeline stage: com.alipay.sofa.ark.container.pipeline.DeployPluginStage
2020-04-26 17:04:42,948 INFO  main                             - Start to deploy plugin: web-ark-plugin
2020-04-26 17:04:42,957 INFO  main                             - Service: com.alipay.sofa.ark.spi.web.EmbeddedServerService publish by: ServiceProvider{provider='Ark plugin:web-ark-plugin', order=100} succeed
2020-04-26 17:04:42,957 INFO  main                             - Finish to deploy plugin: web-ark-plugin
2020-04-26 17:04:42,957 INFO  main                             - Start to deploy plugin: runtime-sofa-boot-plugin
2020-04-26 17:04:48,022 INFO  main                             - Service: com.alipay.sofa.ark.spi.service.event.EventHandler publish by: ServiceProvider{provider='Ark plugin:runtime-sofa-boot-plugin', order=1500} succeed
2020-04-26 17:04:48,028 INFO  main                             - Inject {field= bizManagerService} of {service= ServiceMetadata{service='com.alipay.sofa.runtime.integration.invoke.DynamicJvmServiceProxyFinder', provider='ServiceProvider{provider='Ark plugin:runtime-sofa-boot-plugin', order=1500}'}} success!
2020-04-26 17:04:48,028 INFO  main                             - Service: com.alipay.sofa.runtime.integration.invoke.DynamicJvmServiceProxyFinder publish by: ServiceProvider{provider='Ark plugin:runtime-sofa-boot-plugin', order=1500} succeed
2020-04-26 17:04:48,028 INFO  main                             - Finish to deploy plugin: runtime-sofa-boot-plugin
2020-04-26 17:04:48,028 INFO  main                             - Finish to process pipeline stage: com.alipay.sofa.ark.container.pipeline.DeployPluginStage
2020-04-26 17:04:48,028 INFO  main                             - Start to process pipeline stage: com.alipay.sofa.ark.container.pipeline.DeployBizStage
2020-04-26 17:04:48,029 INFO  main                             - BizDeployer='{name='DefaultBizDeployer', provider='Ark Container'}' is starting.
2020-04-26 17:04:48,029 INFO  main                             - Begin to start biz: stock-mng
2020-04-26 17:05:16,707 INFO  main                             - Inject {field= eventAdminService} of {service= com.alipay.sofa.ark.springboot.processor.ArkEventHandlerProcessor@3d34d211} success!
2020-04-26 17:05:16,894 INFO  main                             - Inject {field= embeddedServerService} of {service= com.alipay.sofa.ark.springboot.web.ArkTomcatServletWebServerFactory@7530ad9c} success!
2020-04-26 17:05:16,894 INFO  main                             - Inject {field= bizManagerService} of {service= com.alipay.sofa.ark.springboot.web.ArkTomcatServletWebServerFactory@7530ad9c} success!
2020-04-26 17:05:20,044 INFO  main                             - Finish to start biz: stock-mng
2020-04-26 17:05:20,044 INFO  main                             - Begin to start biz: dynamic-provider
2020-04-26 17:05:45,106 INFO  main                             - Finish to start biz: dynamic-provider
2020-04-26 17:05:45,110 INFO  main                             - Finish to process pipeline stage: com.alipay.sofa.ark.container.pipeline.DeployBizStage
2020-04-26 17:05:45,110 INFO  main                             - Start to process pipeline stage: com.alipay.sofa.ark.container.pipeline.FinishStartupStage
2020-04-26 17:05:45,112 INFO  main                             - Finish to process pipeline stage: com.alipay.sofa.ark.container.pipeline.FinishStartupStage
2020-04-26 17:06:22,526 INFO  http-nio-8080-exec-1             - Install Biz: dynamic-provider2:1.0.0 success.
2020-04-26 17:22:30,762 INFO  Thread-0                         - Begin to stop ArkServiceContainer
2020-04-26 17:22:30,764 INFO  Thread-0                         - Dispose service: com.alipay.sofa.ark.container.service.classloader.ClassLoaderServiceImpl
2020-04-26 17:22:30,764 INFO  Thread-0                         - Dispose service: com.alipay.sofa.ark.container.service.biz.BizDeployServiceImpl
2020-04-26 17:22:30,764 INFO  Thread-0                         - BizDeployer='{name='DefaultBizDeployer', provider='Ark Container'}' is stopping.
2020-04-26 17:22:30,764 INFO  Thread-0                         - Begin to stop biz: stock-mng
2020-04-26 17:22:30,794 INFO  Thread-0                         - Finish to stop biz: stock-mng
2020-04-26 17:22:30,794 INFO  Thread-0                         - Begin to stop biz: dynamic-provider2
2020-04-26 17:22:30,794 INFO  Thread-0                         - Finish to stop biz: dynamic-provider2
2020-04-26 17:22:30,794 INFO  Thread-0                         - Begin to stop biz: dynamic-provider
2020-04-26 17:22:30,794 INFO  Thread-0                         - Finish to stop biz: dynamic-provider
2020-04-26 17:22:30,794 INFO  Thread-0                         - Dispose service: com.alipay.sofa.ark.container.service.plugin.PluginDeployServiceImpl
2020-04-26 17:22:30,794 INFO  Thread-0                         - Start to unDeploy plugin: runtime-sofa-boot-pluginruntime-sofa-boot-plugin
2020-04-26 17:22:30,794 INFO  Thread-0                         - Stop to unDeploy plugin: runtime-sofa-boot-pluginruntime-sofa-boot-plugin
2020-04-26 17:22:30,794 INFO  Thread-0                         - Start to unDeploy plugin: web-ark-pluginweb-ark-plugin
2020-04-26 17:22:30,794 INFO  Thread-0                         - Stop to unDeploy plugin: web-ark-pluginweb-ark-plugin
2020-04-26 17:22:30,794 INFO  Thread-0                         - Dispose service: com.alipay.sofa.ark.container.session.StandardTelnetServerImpl
2020-04-26 17:22:30,795 INFO  Thread-0                         - Finish to stop ArkServiceContainer
2020-04-26 17:24:22,946 INFO  main                             - Begin to start ArkServiceContainer
2020-04-26 17:24:23,463 INFO  main                             - Init Service: com.alipay.sofa.ark.container.session.StandardTelnetServerImpl
2020-04-26 17:24:23,481 INFO  main                             - Listening on port: 1234
2020-04-26 17:24:23,484 INFO  main                             - Init Service: com.alipay.sofa.ark.container.service.plugin.PluginDeployServiceImpl
2020-04-26 17:24:23,487 INFO  main                             - Init Service: com.alipay.sofa.ark.container.service.biz.BizDeployServiceImpl
2020-04-26 17:24:23,487 INFO  main                             - Init Service: com.alipay.sofa.ark.container.service.classloader.ClassLoaderServiceImpl
2020-04-26 17:24:23,491 INFO  main                             - Finish to start ArkServiceContainer
2020-04-26 17:24:23,512 INFO  main                             - Start to process pipeline stage: com.alipay.sofa.ark.container.pipeline.HandleArchiveStage
2020-04-26 17:24:23,645 INFO  main                             - Finish to process pipeline stage: com.alipay.sofa.ark.container.pipeline.HandleArchiveStage
2020-04-26 17:24:23,645 INFO  main                             - Start to process pipeline stage: com.alipay.sofa.ark.container.pipeline.RegisterServiceStage
2020-04-26 17:24:23,650 INFO  main                             - Service: com.alipay.sofa.ark.spi.service.biz.BizManagerService publish by: ServiceProvider{provider='Ark Container', order=-2147483648} succeed
2020-04-26 17:24:23,651 INFO  main                             - Service: com.alipay.sofa.ark.spi.service.biz.BizFactoryService publish by: ServiceProvider{provider='Ark Container', order=-2147483648} succeed
2020-04-26 17:24:23,651 INFO  main                             - Service: com.alipay.sofa.ark.spi.service.plugin.PluginManagerService publish by: ServiceProvider{provider='Ark Container', order=-2147483648} succeed
2020-04-26 17:24:23,652 INFO  main                             - Service: com.alipay.sofa.ark.spi.service.plugin.PluginFactoryService publish by: ServiceProvider{provider='Ark Container', order=-2147483648} succeed
2020-04-26 17:24:23,652 INFO  main                             - Service: com.alipay.sofa.ark.spi.service.event.EventAdminService publish by: ServiceProvider{provider='Ark Container', order=-2147483648} succeed
2020-04-26 17:24:23,653 INFO  main                             - Service: com.alipay.sofa.ark.spi.service.registry.RegistryService publish by: ServiceProvider{provider='Ark Container', order=-2147483648} succeed
2020-04-26 17:24:23,656 INFO  main                             - Inject {field= bizManagerService} of {service= ServiceMetadata{service='com.alipay.sofa.ark.spi.service.biz.BizDeployer', provider='ServiceProvider{provider='Ark Container', order=100}'}} success!
2020-04-26 17:24:23,657 INFO  main                             - Service: com.alipay.sofa.ark.spi.service.biz.BizDeployer publish by: ServiceProvider{provider='Ark Container', order=100} succeed
2020-04-26 17:24:23,659 INFO  main                             - Inject {field= pluginManagerService} of {service= ServiceMetadata{service='com.alipay.sofa.ark.spi.service.session.CommandProvider:plugin-command-provider', provider='ServiceProvider{provider='Ark Container', order=100}'}} success!
2020-04-26 17:24:23,659 INFO  main                             - Service: com.alipay.sofa.ark.spi.service.session.CommandProvider:plugin-command-provider publish by: ServiceProvider{provider='Ark Container', order=100} succeed
2020-04-26 17:24:23,660 INFO  main                             - Inject {field= bizManagerService} of {service= ServiceMetadata{service='com.alipay.sofa.ark.spi.service.session.CommandProvider:biz-command-provider', provider='ServiceProvider{provider='Ark Container', order=100}'}} success!
2020-04-26 17:24:23,661 INFO  main                             - Service: com.alipay.sofa.ark.spi.service.session.CommandProvider:biz-command-provider publish by: ServiceProvider{provider='Ark Container', order=100} succeed
2020-04-26 17:24:23,661 INFO  main                             - Finish to process pipeline stage: com.alipay.sofa.ark.container.pipeline.RegisterServiceStage
2020-04-26 17:24:23,661 INFO  main                             - Start to process pipeline stage: com.alipay.sofa.ark.container.pipeline.ExtensionLoaderStage
2020-04-26 17:24:23,670 INFO  main                             - Finish to process pipeline stage: com.alipay.sofa.ark.container.pipeline.ExtensionLoaderStage
2020-04-26 17:24:23,671 INFO  main                             - Start to process pipeline stage: com.alipay.sofa.ark.container.pipeline.DeployPluginStage
2020-04-26 17:24:23,671 INFO  main                             - Start to deploy plugin: web-ark-plugin
2020-04-26 17:24:23,682 INFO  main                             - Service: com.alipay.sofa.ark.spi.web.EmbeddedServerService publish by: ServiceProvider{provider='Ark plugin:web-ark-plugin', order=100} succeed
2020-04-26 17:24:23,683 INFO  main                             - Finish to deploy plugin: web-ark-plugin
2020-04-26 17:24:23,683 INFO  main                             - Start to deploy plugin: runtime-sofa-boot-plugin
2020-04-26 17:24:28,754 INFO  main                             - Service: com.alipay.sofa.ark.spi.service.event.EventHandler publish by: ServiceProvider{provider='Ark plugin:runtime-sofa-boot-plugin', order=1500} succeed
2020-04-26 17:24:28,761 INFO  main                             - Inject {field= bizManagerService} of {service= ServiceMetadata{service='com.alipay.sofa.runtime.integration.invoke.DynamicJvmServiceProxyFinder', provider='ServiceProvider{provider='Ark plugin:runtime-sofa-boot-plugin', order=1500}'}} success!
2020-04-26 17:24:28,761 INFO  main                             - Service: com.alipay.sofa.runtime.integration.invoke.DynamicJvmServiceProxyFinder publish by: ServiceProvider{provider='Ark plugin:runtime-sofa-boot-plugin', order=1500} succeed
2020-04-26 17:24:28,761 INFO  main                             - Finish to deploy plugin: runtime-sofa-boot-plugin
2020-04-26 17:24:28,761 INFO  main                             - Finish to process pipeline stage: com.alipay.sofa.ark.container.pipeline.DeployPluginStage
2020-04-26 17:24:28,761 INFO  main                             - Start to process pipeline stage: com.alipay.sofa.ark.container.pipeline.DeployBizStage
2020-04-26 17:24:28,762 INFO  main                             - BizDeployer='{name='DefaultBizDeployer', provider='Ark Container'}' is starting.
2020-04-26 17:24:28,763 INFO  main                             - Begin to start biz: stock-mng
2020-04-26 17:24:57,771 INFO  main                             - Inject {field= eventAdminService} of {service= com.alipay.sofa.ark.springboot.processor.ArkEventHandlerProcessor@c0c2f8d} success!
2020-04-26 17:24:57,885 INFO  main                             - Inject {field= embeddedServerService} of {service= com.alipay.sofa.ark.springboot.web.ArkTomcatServletWebServerFactory@707194ba} success!
2020-04-26 17:24:57,885 INFO  main                             - Inject {field= bizManagerService} of {service= com.alipay.sofa.ark.springboot.web.ArkTomcatServletWebServerFactory@707194ba} success!
2020-04-26 17:25:01,180 INFO  main                             - Finish to start biz: stock-mng
2020-04-26 17:25:01,180 INFO  main                             - Begin to start biz: dynamic-provider
2020-04-26 17:25:24,781 INFO  main                             - Finish to start biz: dynamic-provider
2020-04-26 17:25:24,783 INFO  main                             - Finish to process pipeline stage: com.alipay.sofa.ark.container.pipeline.DeployBizStage
2020-04-26 17:25:24,783 INFO  main                             - Start to process pipeline stage: com.alipay.sofa.ark.container.pipeline.FinishStartupStage
2020-04-26 17:25:24,784 INFO  main                             - Finish to process pipeline stage: com.alipay.sofa.ark.container.pipeline.FinishStartupStage
2020-04-26 17:32:48,536 INFO  http-nio-8080-exec-2             - Install Biz: dynamic-provider2:1.0.0 success.
2020-04-26 17:33:28,784 INFO  Thread-0                         - Begin to stop ArkServiceContainer
2020-04-26 17:33:28,784 INFO  Thread-0                         - Dispose service: com.alipay.sofa.ark.container.service.classloader.ClassLoaderServiceImpl
2020-04-26 17:33:28,785 INFO  Thread-0                         - Dispose service: com.alipay.sofa.ark.container.service.biz.BizDeployServiceImpl
2020-04-26 17:33:28,785 INFO  Thread-0                         - BizDeployer='{name='DefaultBizDeployer', provider='Ark Container'}' is stopping.
2020-04-26 17:33:28,785 INFO  Thread-0                         - Begin to stop biz: stock-mng
2020-04-26 17:33:28,798 INFO  Thread-0                         - Finish to stop biz: stock-mng
2020-04-26 17:33:28,798 INFO  Thread-0                         - Begin to stop biz: dynamic-provider2
2020-04-26 17:33:28,799 INFO  Thread-0                         - Finish to stop biz: dynamic-provider2
2020-04-26 17:33:28,799 INFO  Thread-0                         - Begin to stop biz: dynamic-provider
2020-04-26 17:33:28,799 INFO  Thread-0                         - Finish to stop biz: dynamic-provider
2020-04-26 17:33:28,799 INFO  Thread-0                         - Dispose service: com.alipay.sofa.ark.container.service.plugin.PluginDeployServiceImpl
2020-04-26 17:33:28,799 INFO  Thread-0                         - Start to unDeploy plugin: runtime-sofa-boot-pluginruntime-sofa-boot-plugin
2020-04-26 17:33:28,799 INFO  Thread-0                         - Stop to unDeploy plugin: runtime-sofa-boot-pluginruntime-sofa-boot-plugin
2020-04-26 17:33:28,799 INFO  Thread-0                         - Start to unDeploy plugin: web-ark-pluginweb-ark-plugin
2020-04-26 17:33:28,799 INFO  Thread-0                         - Stop to unDeploy plugin: web-ark-pluginweb-ark-plugin
2020-04-26 17:33:28,799 INFO  Thread-0                         - Dispose service: com.alipay.sofa.ark.container.session.StandardTelnetServerImpl
2020-04-26 17:33:28,801 INFO  Thread-0                         - Finish to stop ArkServiceContainer
2020-04-26 17:35:38,553 INFO  main                             - Begin to start ArkServiceContainer
2020-04-26 17:35:39,575 INFO  main                             - Init Service: com.alipay.sofa.ark.container.session.StandardTelnetServerImpl
2020-04-26 17:35:39,592 INFO  main                             - Listening on port: 1234
2020-04-26 17:35:39,595 INFO  main                             - Init Service: com.alipay.sofa.ark.container.service.plugin.PluginDeployServiceImpl
2020-04-26 17:35:39,598 INFO  main                             - Init Service: com.alipay.sofa.ark.container.service.biz.BizDeployServiceImpl
2020-04-26 17:35:39,599 INFO  main                             - Init Service: com.alipay.sofa.ark.container.service.classloader.ClassLoaderServiceImpl
2020-04-26 17:35:39,603 INFO  main                             - Finish to start ArkServiceContainer
2020-04-26 17:35:39,626 INFO  main                             - Start to process pipeline stage: com.alipay.sofa.ark.container.pipeline.HandleArchiveStage
2020-04-26 17:35:39,823 INFO  main                             - Finish to process pipeline stage: com.alipay.sofa.ark.container.pipeline.HandleArchiveStage
2020-04-26 17:35:39,823 INFO  main                             - Start to process pipeline stage: com.alipay.sofa.ark.container.pipeline.RegisterServiceStage
2020-04-26 17:35:39,829 INFO  main                             - Service: com.alipay.sofa.ark.spi.service.biz.BizManagerService publish by: ServiceProvider{provider='Ark Container', order=-2147483648} succeed
2020-04-26 17:35:39,829 INFO  main                             - Service: com.alipay.sofa.ark.spi.service.biz.BizFactoryService publish by: ServiceProvider{provider='Ark Container', order=-2147483648} succeed
2020-04-26 17:35:39,830 INFO  main                             - Service: com.alipay.sofa.ark.spi.service.plugin.PluginManagerService publish by: ServiceProvider{provider='Ark Container', order=-2147483648} succeed
2020-04-26 17:35:39,830 INFO  main                             - Service: com.alipay.sofa.ark.spi.service.plugin.PluginFactoryService publish by: ServiceProvider{provider='Ark Container', order=-2147483648} succeed
2020-04-26 17:35:39,831 INFO  main                             - Service: com.alipay.sofa.ark.spi.service.event.EventAdminService publish by: ServiceProvider{provider='Ark Container', order=-2147483648} succeed
2020-04-26 17:35:39,832 INFO  main                             - Service: com.alipay.sofa.ark.spi.service.registry.RegistryService publish by: ServiceProvider{provider='Ark Container', order=-2147483648} succeed
2020-04-26 17:35:39,836 INFO  main                             - Inject {field= bizManagerService} of {service= ServiceMetadata{service='com.alipay.sofa.ark.spi.service.biz.BizDeployer', provider='ServiceProvider{provider='Ark Container', order=100}'}} success!
2020-04-26 17:35:39,836 INFO  main                             - Service: com.alipay.sofa.ark.spi.service.biz.BizDeployer publish by: ServiceProvider{provider='Ark Container', order=100} succeed
2020-04-26 17:35:39,837 INFO  main                             - Inject {field= pluginManagerService} of {service= ServiceMetadata{service='com.alipay.sofa.ark.spi.service.session.CommandProvider:plugin-command-provider', provider='ServiceProvider{provider='Ark Container', order=100}'}} success!
2020-04-26 17:35:39,837 INFO  main                             - Service: com.alipay.sofa.ark.spi.service.session.CommandProvider:plugin-command-provider publish by: ServiceProvider{provider='Ark Container', order=100} succeed
2020-04-26 17:35:39,838 INFO  main                             - Inject {field= bizManagerService} of {service= ServiceMetadata{service='com.alipay.sofa.ark.spi.service.session.CommandProvider:biz-command-provider', provider='ServiceProvider{provider='Ark Container', order=100}'}} success!
2020-04-26 17:35:39,839 INFO  main                             - Service: com.alipay.sofa.ark.spi.service.session.CommandProvider:biz-command-provider publish by: ServiceProvider{provider='Ark Container', order=100} succeed
2020-04-26 17:35:39,839 INFO  main                             - Finish to process pipeline stage: com.alipay.sofa.ark.container.pipeline.RegisterServiceStage
2020-04-26 17:35:39,839 INFO  main                             - Start to process pipeline stage: com.alipay.sofa.ark.container.pipeline.ExtensionLoaderStage
2020-04-26 17:35:39,850 INFO  main                             - Finish to process pipeline stage: com.alipay.sofa.ark.container.pipeline.ExtensionLoaderStage
2020-04-26 17:35:39,850 INFO  main                             - Start to process pipeline stage: com.alipay.sofa.ark.container.pipeline.DeployPluginStage
2020-04-26 17:35:39,850 INFO  main                             - Start to deploy plugin: web-ark-plugin
2020-04-26 17:35:39,871 INFO  main                             - Service: com.alipay.sofa.ark.spi.web.EmbeddedServerService publish by: ServiceProvider{provider='Ark plugin:web-ark-plugin', order=100} succeed
2020-04-26 17:35:39,872 INFO  main                             - Finish to deploy plugin: web-ark-plugin
2020-04-26 17:35:39,872 INFO  main                             - Start to deploy plugin: runtime-sofa-boot-plugin
2020-04-26 17:35:44,970 INFO  main                             - Service: com.alipay.sofa.ark.spi.service.event.EventHandler publish by: ServiceProvider{provider='Ark plugin:runtime-sofa-boot-plugin', order=1500} succeed
2020-04-26 17:35:44,980 INFO  main                             - Inject {field= bizManagerService} of {service= ServiceMetadata{service='com.alipay.sofa.runtime.integration.invoke.DynamicJvmServiceProxyFinder', provider='ServiceProvider{provider='Ark plugin:runtime-sofa-boot-plugin', order=1500}'}} success!
2020-04-26 17:35:44,980 INFO  main                             - Service: com.alipay.sofa.runtime.integration.invoke.DynamicJvmServiceProxyFinder publish by: ServiceProvider{provider='Ark plugin:runtime-sofa-boot-plugin', order=1500} succeed
2020-04-26 17:35:44,980 INFO  main                             - Finish to deploy plugin: runtime-sofa-boot-plugin
2020-04-26 17:35:44,980 INFO  main                             - Finish to process pipeline stage: com.alipay.sofa.ark.container.pipeline.DeployPluginStage
2020-04-26 17:35:44,980 INFO  main                             - Start to process pipeline stage: com.alipay.sofa.ark.container.pipeline.DeployBizStage
2020-04-26 17:35:44,981 INFO  main                             - BizDeployer='{name='DefaultBizDeployer', provider='Ark Container'}' is starting.
2020-04-26 17:35:44,981 INFO  main                             - Begin to start biz: stock-mng
2020-04-26 17:36:14,904 INFO  main                             - Inject {field= eventAdminService} of {service= com.alipay.sofa.ark.springboot.processor.ArkEventHandlerProcessor@37ceb1df} success!
2020-04-26 17:36:15,010 INFO  main                             - Inject {field= embeddedServerService} of {service= com.alipay.sofa.ark.springboot.web.ArkTomcatServletWebServerFactory@7d8704ef} success!
2020-04-26 17:36:15,010 INFO  main                             - Inject {field= bizManagerService} of {service= com.alipay.sofa.ark.springboot.web.ArkTomcatServletWebServerFactory@7d8704ef} success!
2020-04-26 17:36:18,724 INFO  main                             - Finish to start biz: stock-mng
2020-04-26 17:36:18,724 INFO  main                             - Begin to start biz: dynamic-provider
2020-04-26 17:36:42,835 INFO  main                             - Finish to start biz: dynamic-provider
2020-04-26 17:36:42,836 INFO  main                             - Finish to process pipeline stage: com.alipay.sofa.ark.container.pipeline.DeployBizStage
2020-04-26 17:36:42,836 INFO  main                             - Start to process pipeline stage: com.alipay.sofa.ark.container.pipeline.FinishStartupStage
2020-04-26 17:36:42,837 INFO  main                             - Finish to process pipeline stage: com.alipay.sofa.ark.container.pipeline.FinishStartupStage
2020-04-26 17:37:26,213 INFO  Thread-0                         - Begin to stop ArkServiceContainer
2020-04-26 17:37:26,215 INFO  Thread-0                         - Dispose service: com.alipay.sofa.ark.container.service.classloader.ClassLoaderServiceImpl
2020-04-26 17:37:26,215 INFO  Thread-0                         - Dispose service: com.alipay.sofa.ark.container.service.biz.BizDeployServiceImpl
2020-04-26 17:37:26,215 INFO  Thread-0                         - BizDeployer='{name='DefaultBizDeployer', provider='Ark Container'}' is stopping.
2020-04-26 17:37:26,215 INFO  Thread-0                         - Begin to stop biz: stock-mng
2020-04-26 17:37:26,239 INFO  Thread-0                         - Finish to stop biz: stock-mng
2020-04-26 17:37:26,239 INFO  Thread-0                         - Begin to stop biz: dynamic-provider
2020-04-26 17:37:26,239 INFO  Thread-0                         - Finish to stop biz: dynamic-provider
2020-04-26 17:37:26,239 INFO  Thread-0                         - Dispose service: com.alipay.sofa.ark.container.service.plugin.PluginDeployServiceImpl
2020-04-26 17:37:26,239 INFO  Thread-0                         - Start to unDeploy plugin: runtime-sofa-boot-pluginruntime-sofa-boot-plugin
2020-04-26 17:37:26,242 INFO  Thread-0                         - Stop to unDeploy plugin: runtime-sofa-boot-pluginruntime-sofa-boot-plugin
2020-04-26 17:37:26,242 INFO  Thread-0                         - Start to unDeploy plugin: web-ark-pluginweb-ark-plugin
2020-04-26 17:37:26,242 INFO  Thread-0                         - Stop to unDeploy plugin: web-ark-pluginweb-ark-plugin
2020-04-26 17:37:26,242 INFO  Thread-0                         - Dispose service: com.alipay.sofa.ark.container.session.StandardTelnetServerImpl
2020-04-26 17:37:26,244 INFO  Thread-0                         - Finish to stop ArkServiceContainer
